{"level":"info","message":"🚀 Server running at http://localhost:3000","timestamp":"2025-11-27 19:14:09"}
{"level":"info","message":"✅ MongoDB connected.","timestamp":"2025-11-27 19:14:09"}
{"level":"info","message":"GET /src/javascript/book-select.js 404 168 - 171.898 ms","timestamp":"2025-11-27 19:14:15"}
{"level":"info","message":"GET /src/css/book-select.css 404 162 - 181.615 ms","timestamp":"2025-11-27 19:14:15"}
{"level":"info","message":"GET /reservations/check-in 200 19823 - 1099.622 ms","timestamp":"2025-11-27 19:14:16"}
{"level":"info","message":"GET /reservations/book-flight 403 16116 - 116.221 ms","timestamp":"2025-11-27 19:14:19"}
{"level":"info","message":"GET /src/css/book-select.css 404 162 - 3.598 ms","timestamp":"2025-11-27 19:14:19"}
{"level":"info","message":"GET /src/javascript/book-select.js 404 168 - 3.680 ms","timestamp":"2025-11-27 19:14:19"}
{"level":"info","message":"GET / 304 - - 218.391 ms","timestamp":"2025-11-27 19:14:21"}
{"level":"info","message":"GET /src/css/book-select.css 404 162 - 1.608 ms","timestamp":"2025-11-27 19:14:21"}
{"level":"info","message":"GET /src/javascript/book-select.js 404 168 - 1.168 ms","timestamp":"2025-11-27 19:14:21"}
{"level":"info","message":"GET /reservations/book-flight 403 16116 - 20.321 ms","timestamp":"2025-11-27 19:14:22"}
{"level":"info","message":"GET /src/css/book-select.css 404 162 - 1.933 ms","timestamp":"2025-11-27 19:14:22"}
{"level":"info","message":"GET /src/javascript/book-select.js 404 168 - 2.072 ms","timestamp":"2025-11-27 19:14:22"}
{"level":"info","message":"GET /reservations/my-bookings 403 16116 - 10.850 ms","timestamp":"2025-11-27 19:14:23"}
{"level":"info","message":"GET /src/css/book-select.css 404 162 - 12.813 ms","timestamp":"2025-11-27 19:14:23"}
{"level":"info","message":"GET /src/javascript/book-select.js 404 168 - 3.145 ms","timestamp":"2025-11-27 19:14:23"}
{"level":"info","message":"GET /reservations/check-in 403 16116 - 14.142 ms","timestamp":"2025-11-27 19:14:25"}
{"level":"info","message":"GET /src/css/book-select.css 404 162 - 19.352 ms","timestamp":"2025-11-27 19:14:25"}
{"level":"info","message":"GET /src/javascript/book-select.js 404 168 - 14.299 ms","timestamp":"2025-11-27 19:14:25"}
{"level":"info","message":"GET / 304 - - 115.630 ms","timestamp":"2025-11-27 19:14:26"}
{"level":"info","message":"GET /src/css/book-select.css 404 162 - 2.234 ms","timestamp":"2025-11-27 19:14:26"}
{"level":"info","message":"GET /src/javascript/book-select.js 404 168 - 1.540 ms","timestamp":"2025-11-27 19:14:26"}
{"level":"info","message":"GET /src/css/book-select.css 404 162 - 5.758 ms","timestamp":"2025-11-27 19:14:28"}
{"level":"info","message":"GET /reservations/book-flight 403 16116 - 11.732 ms","timestamp":"2025-11-27 19:14:28"}
{"level":"info","message":"GET /src/javascript/book-select.js 404 168 - 46.234 ms","timestamp":"2025-11-27 19:14:28"}
{"level":"info","message":"GET / 304 - - 100.294 ms","timestamp":"2025-11-27 19:14:35"}
{"level":"info","message":"GET /src/css/book-select.css 404 162 - 3.151 ms","timestamp":"2025-11-27 19:14:35"}
{"level":"info","message":"GET /src/javascript/book-select.js 404 168 - 2.169 ms","timestamp":"2025-11-27 19:14:35"}
{"level":"info","message":"GET /reservations/book/69280126d2032477f94e8472?tripType=Round-Trip&depart=Nov%2015,%202025&return=Dec%2015,%202025 403 16116 - 21.649 ms","timestamp":"2025-11-27 19:14:40"}
{"level":"info","message":"GET /src/css/book-select.css 404 162 - 16.088 ms","timestamp":"2025-11-27 19:14:41"}
{"level":"info","message":"GET /src/javascript/book-select.js 404 168 - 37.148 ms","timestamp":"2025-11-27 19:14:41"}
{"level":"info","message":"GET / 304 - - 145.858 ms","timestamp":"2025-11-27 19:15:02"}
{"level":"info","message":"GET /src/css/book-select.css 404 162 - 1.551 ms","timestamp":"2025-11-27 19:15:02"}
{"level":"info","message":"GET /src/javascript/book-select.js 404 168 - 1.550 ms","timestamp":"2025-11-27 19:15:02"}
{"level":"info","message":"GET /reservations/book-flight 200 37052 - 46.867 ms","timestamp":"2025-11-27 19:15:04"}
{"level":"info","message":"GET /src/css/book-select.css 404 162 - 1.847 ms","timestamp":"2025-11-27 19:15:04"}
{"level":"info","message":"GET /src/javascript/book-select.js 404 168 - 1.984 ms","timestamp":"2025-11-27 19:15:04"}
{"level":"info","message":"✈️ Found 2 flights from Beijing (PEK) → Brisbane (BNE)","timestamp":"2025-11-27 19:15:14"}
{"level":"info","message":"GET /reservations/search?origin=Beijing%20(PEK)&destination=Brisbane%20(BNE) 200 570 - 12.680 ms","timestamp":"2025-11-27 19:15:14"}
{"level":"info","message":"GET /reservations/seats/69280126d2032477f94e861a 200 20 - 80.501 ms","timestamp":"2025-11-27 19:17:32"}
{"level":"info","message":"GET /reservations/book-flight 200 37581 - 145.346 ms","timestamp":"2025-11-27 19:29:24"}
{"level":"info","message":"GET /src/css/book-select.css 404 162 - 2.789 ms","timestamp":"2025-11-27 19:29:25"}
{"level":"info","message":"GET /src/javascript/book-select.js 404 168 - 29.167 ms","timestamp":"2025-11-27 19:29:25"}
{"level":"info","message":"✈️ Found 2 flights from Bangkok (BKK) → Beijing (PEK)","timestamp":"2025-11-27 19:29:29"}
{"level":"info","message":"GET /reservations/search?origin=Bangkok%20(BKK)&destination=Beijing%20(PEK) 200 563 - 17.093 ms","timestamp":"2025-11-27 19:29:29"}
{"level":"info","message":"GET /reservations/seats/69280126d2032477f94e8648 200 20 - 22.292 ms","timestamp":"2025-11-27 19:29:34"}
{"level":"info","message":"GET /src/css/book-select.css 404 162 - 6.210 ms","timestamp":"2025-11-27 19:30:11"}
{"level":"info","message":"GET /src/javascript/book-select.js 404 168 - 40.050 ms","timestamp":"2025-11-27 19:30:11"}
{"level":"info","message":"GET /reservations/book-flight 200 37590 - 145.197 ms","timestamp":"2025-11-27 19:30:11"}
{"level":"info","message":"✈️ Found 0 flights from Beijing (PEK) → Beijing (PEK)","timestamp":"2025-11-27 19:30:14"}
{"level":"info","message":"GET /reservations/search?origin=Beijing%20(PEK)&destination=Beijing%20(PEK) 200 14 - 10.580 ms","timestamp":"2025-11-27 19:30:14"}
{"level":"info","message":"✈️ Found 2 flights from Beijing (PEK) → Busan (PUS)","timestamp":"2025-11-27 19:30:19"}
{"level":"info","message":"GET /reservations/search?origin=Beijing%20(PEK)&destination=Busan%20(PUS) 200 555 - 9.739 ms","timestamp":"2025-11-27 19:30:19"}
{"level":"info","message":"GET /reservations/seats/69280126d2032477f94e863e 200 20 - 17.827 ms","timestamp":"2025-11-27 19:30:23"}
{"level":"info","message":"GET /reservations/check-in 200 19887 - 174.193 ms","timestamp":"2025-11-27 19:31:02"}
{"level":"info","message":"GET /src/css/book-select.css 404 162 - 12.936 ms","timestamp":"2025-11-27 19:31:03"}
{"level":"info","message":"GET /src/javascript/book-select.js 404 168 - 24.627 ms","timestamp":"2025-11-27 19:31:03"}
{"level":"info","message":"GET /reservations/my-bookings 200 41581 - 94.877 ms","timestamp":"2025-11-27 19:31:04"}
{"level":"info","message":"GET /src/javascript/book-select.js 404 168 - 1.734 ms","timestamp":"2025-11-27 19:31:04"}
{"level":"info","message":"GET /src/css/book-select.css 404 162 - 1.874 ms","timestamp":"2025-11-27 19:31:04"}
{"level":"info","message":"GET /reservations/check-in 304 - - 14.826 ms","timestamp":"2025-11-27 19:31:06"}
{"level":"info","message":"GET /src/css/book-select.css 404 162 - 1.993 ms","timestamp":"2025-11-27 19:31:06"}
{"level":"info","message":"GET /src/javascript/book-select.js 404 168 - 1.952 ms","timestamp":"2025-11-27 19:31:06"}
{"level":"info","message":"GET /src/css/book-select.css 404 162 - 2.187 ms","timestamp":"2025-11-27 19:31:06"}
{"level":"info","message":"GET /src/javascript/book-select.js 404 168 - 1.980 ms","timestamp":"2025-11-27 19:31:06"}
{"level":"info","message":"GET /reservations/my-bookings 304 - - 76.282 ms","timestamp":"2025-11-27 19:31:11"}
{"level":"info","message":"GET /src/css/book-select.css 404 162 - 1.553 ms","timestamp":"2025-11-27 19:31:11"}
{"level":"info","message":"GET /src/javascript/book-select.js 404 168 - 1.868 ms","timestamp":"2025-11-27 19:31:11"}
{"level":"info","message":"GET /src/css/book-select.css 404 162 - 4.062 ms","timestamp":"2025-11-27 19:34:43"}
{"level":"info","message":"GET /src/javascript/book-select.js 404 168 - 58.751 ms","timestamp":"2025-11-27 19:34:44"}
{"level":"info","message":"GET /reservations/my-bookings 200 41616 - 306.098 ms","timestamp":"2025-11-27 19:34:44"}
